# JRE version: Java(TM) SE Runtime Environment (13.0.2+8) (build 13.0.2+8)
# Java VM: Java HotSpot(TM) 64-Bit Server VM (13.0.2+8, mixed mode, sharing, tiered, compressed oops, g1 gc, windows-amd64)
Heap:
 garbage-first heap   total 160768K, used 69508K [0x0000000702000000, 0x0000000800000000)
  region size 1024K, 57 young (58368K), 3 survivors (3072K)
 Metaspace       used 69189K, capacity 69540K, committed 69708K, reserved 1112064K
  class space    used 6521K, capacity 6631K, committed 6732K, reserved 1048576K
GC Heap History (20 events):
Event: 1.665 GC heap before
{Heap before GC invocations=9 (full 0):
 garbage-first heap   total 45056K, used 33977K [0x0000000702000000, 0x0000000800000000)
  region size 1024K, 25 young (25600K), 2 survivors (2048K)
 Metaspace       used 30758K, capacity 32028K, committed 32256K, reserved 1079296K
  class space    used 2830K, capacity 2954K, committed 3072K, reserved 1048576K
}
Event: 1.668 GC heap after
{Heap after GC invocations=10 (full 0):
 garbage-first heap   total 45056K, used 11661K [0x0000000702000000, 0x0000000800000000)
  region size 1024K, 2 young (2048K), 2 survivors (2048K)
 Metaspace       used 30758K, capacity 32028K, committed 32256K, reserved 1079296K
  class space    used 2830K, capacity 2954K, committed 3072K, reserved 1048576K
}
Event: 1.739 GC heap before
{Heap before GC invocations=10 (full 0):
 garbage-first heap   total 45056K, used 34189K [0x0000000702000000, 0x0000000800000000)
  region size 1024K, 25 young (25600K), 2 survivors (2048K)
 Metaspace       used 32869K, capacity 34140K, committed 34432K, reserved 1081344K
  class space    used 2998K, capacity 3146K, committed 3200K, reserved 1048576K
}
Event: 1.742 GC heap after
{Heap after GC invocations=11 (full 0):
 garbage-first heap   total 152576K, used 11785K [0x0000000702000000, 0x0000000800000000)
  region size 1024K, 2 young (2048K), 2 survivors (2048K)
 Metaspace       used 32869K, capacity 34140K, committed 34432K, reserved 1081344K
  class space    used 2998K, capacity 3146K, committed 3200K, reserved 1048576K
}
Event: 1.821 GC heap before
{Heap before GC invocations=11 (full 0):
 garbage-first heap   total 152576K, used 31241K [0x0000000702000000, 0x0000000800000000)
  region size 1024K, 22 young (22528K), 2 survivors (2048K)
 Metaspace       used 34514K, capacity 35740K, committed 35840K, reserved 1081344K
  class space    used 3151K, capacity 3274K, committed 3328K, reserved 1048576K
}
Event: 1.823 GC heap after
{Heap after GC invocations=12 (full 0):
 garbage-first heap   total 152576K, used 11886K [0x0000000702000000, 0x0000000800000000)
  region size 1024K, 2 young (2048K), 2 survivors (2048K)
 Metaspace       used 34514K, capacity 35740K, committed 35840K, reserved 1081344K
  class space    used 3151K, capacity 3274K, committed 3328K, reserved 1048576K
}
Event: 1.994 GC heap before
{Heap before GC invocations=13 (full 0):
 garbage-first heap   total 48128K, used 46702K [0x0000000702000000, 0x0000000800000000)
  region size 1024K, 36 young (36864K), 2 survivors (2048K)
 Metaspace       used 37043K, capacity 38268K, committed 38400K, reserved 1083392K
  class space    used 3425K, capacity 3562K, committed 3584K, reserved 1048576K
}
Event: 1.998 GC heap after
{Heap after GC invocations=14 (full 0):
 garbage-first heap   total 51200K, used 12548K [0x0000000702000000, 0x0000000800000000)
  region size 1024K, 3 young (3072K), 3 survivors (3072K)
 Metaspace       used 37043K, capacity 38268K, committed 38400K, reserved 1083392K
  class space    used 3425K, capacity 3562K, committed 3584K, reserved 1048576K
}
Event: 2.104 GC heap before
{Heap before GC invocations=14 (full 0):
 garbage-first heap   total 51200K, used 37124K [0x0000000702000000, 0x0000000800000000)
  region size 1024K, 28 young (28672K), 3 survivors (3072K)
 Metaspace       used 39049K, capacity 40252K, committed 40448K, reserved 1085440K
  class space    used 3623K, capacity 3754K, committed 3840K, reserved 1048576K
}
Event: 2.107 GC heap after
{Heap after GC invocations=15 (full 0):
 garbage-first heap   total 51200K, used 12822K [0x0000000702000000, 0x0000000800000000)
  region size 1024K, 3 young (3072K), 3 survivors (3072K)
 Metaspace       used 39049K, capacity 40252K, committed 40448K, reserved 1085440K
  class space    used 3623K, capacity 3754K, committed 3840K, reserved 1048576K
}
Event: 2.194 GC heap before
{Heap before GC invocations=15 (full 0):
 garbage-first heap   total 51200K, used 37398K [0x0000000702000000, 0x0000000800000000)
  region size 1024K, 28 young (28672K), 3 survivors (3072K)
 Metaspace       used 41242K, capacity 42492K, committed 42624K, reserved 1087488K
  class space    used 3807K, capacity 3946K, committed 3968K, reserved 1048576K
}
Event: 2.198 GC heap after
{Heap after GC invocations=16 (full 0):
 garbage-first heap   total 155648K, used 13301K [0x0000000702000000, 0x0000000800000000)
  region size 1024K, 3 young (3072K), 3 survivors (3072K)
 Metaspace       used 41242K, capacity 42492K, committed 42624K, reserved 1087488K
  class space    used 3807K, capacity 3946K, committed 3968K, reserved 1048576K
}
Event: 2.472 GC heap before
{Heap before GC invocations=16 (full 0):
 garbage-first heap   total 155648K, used 88053K [0x0000000702000000, 0x0000000800000000)
  region size 1024K, 76 young (77824K), 3 survivors (3072K)
 Metaspace       used 47848K, capacity 49052K, committed 49408K, reserved 1093632K
  class space    used 4337K, capacity 4490K, committed 4608K, reserved 1048576K
}
Event: 2.475 GC heap after
{Heap after GC invocations=17 (full 0):
 garbage-first heap   total 155648K, used 13334K [0x0000000702000000, 0x0000000800000000)
  region size 1024K, 3 young (3072K), 3 survivors (3072K)
 Metaspace       used 47848K, capacity 49052K, committed 49408K, reserved 1093632K
  class space    used 4337K, capacity 4490K, committed 4608K, reserved 1048576K
}
Event: 2.791 GC heap before
{Heap before GC invocations=17 (full 0):
 garbage-first heap   total 155648K, used 93206K [0x0000000702000000, 0x0000000800000000)
  region size 1024K, 81 young (82944K), 3 survivors (3072K)
 Metaspace       used 53923K, capacity 55164K, committed 55296K, reserved 1099776K
  class space    used 4952K, capacity 5098K, committed 5120K, reserved 1048576K
}
Event: 2.794 GC heap after
{Heap after GC invocations=18 (full 0):
 garbage-first heap   total 155648K, used 14590K [0x0000000702000000, 0x0000000800000000)
  region size 1024K, 4 young (4096K), 4 survivors (4096K)
 Metaspace       used 53923K, capacity 55164K, committed 55296K, reserved 1099776K
  class space    used 4952K, capacity 5098K, committed 5120K, reserved 1048576K
}
Event: 2.967 GC heap before
{Heap before GC invocations=18 (full 0):
 garbage-first heap   total 155648K, used 69886K [0x0000000702000000, 0x0000000800000000)
  region size 1024K, 59 young (60416K), 4 survivors (4096K)
 Metaspace       used 58926K, capacity 60092K, committed 60160K, reserved 1103872K
  class space    used 5356K, capacity 5482K, committed 5504K, reserved 1048576K
}
Event: 2.971 GC heap after
{Heap after GC invocations=19 (full 0):
 garbage-first heap   total 155648K, used 14927K [0x0000000702000000, 0x0000000800000000)
  region size 1024K, 5 young (5120K), 5 survivors (5120K)
 Metaspace       used 58926K, capacity 60092K, committed 60160K, reserved 1103872K
  class space    used 5356K, capacity 5482K, committed 5504K, reserved 1048576K
}
Event: 3.094 GC heap before
{Heap before GC invocations=20 (full 0):
 garbage-first heap   total 61440K, used 46671K [0x0000000702000000, 0x0000000800000000)
  region size 1024K, 36 young (36864K), 5 survivors (5120K)
 Metaspace       used 61873K, capacity 63036K, committed 63180K, reserved 1105920K
  class space    used 5601K, capacity 5738K, committed 5836K, reserved 1048576K
}
Event: 3.099 GC heap after
{Heap after GC invocations=21 (full 0):
 garbage-first heap   total 160768K, used 15236K [0x0000000702000000, 0x0000000800000000)
  region size 1024K, 3 young (3072K), 3 survivors (3072K)
 Metaspace       used 61873K, capacity 63036K, committed 63180K, reserved 1105920K
  class space    used 5601K, capacity 5738K, committed 5836K, reserved 1048576K
}

